build/app/outputs/logs/manifest-merger-release-report.txt
-- Merging decision tree log ---
manifest
ADDED from src/main/AndroidManifest.xml:1:1-23:12
INJECTED from src/main/AndroidManifest.xml:1:1-23:12
INJECTED from src/main/AndroidManifest.xml:1:1-23:12
INJECTED from src/main/AndroidManifest.xml:1:1-23:12
MERGED from [:sqflite] AndroidManifest.xml:2:1-7:12
MERGED from [:youtube_player] AndroidManifest.xml:2:1-7:12
MERGED from [:ytview] AndroidManifest.xml:2:1-7:12
MERGED from [:share] AndroidManifest.xml:2:1-7:12
MERGED from [:path_provider] AndroidManifest.xml:2:1-7:12
MERGED from [com.google.android.exoplayer:exoplayer-hls:2.9.6] AndroidManifest.xml:17:1-24:12
MERGED from [com.google.android.exoplayer:exoplayer-core:2.9.6] AndroidManifest.xml:17:1-26:12
MERGED from [com.github.sarbagyastha:android-youtubeExtractor:v2.3.0] AndroidManifest.xml:2:1-16:12
MERGED from [androidx.webkit:webkit:1.0.0] AndroidManifest.xml:17:1-22:12
MERGED from [com.github.sarbagyastha:js-evaluator-for-android:v6.2.0] AndroidManifest.xml:2:1-14:12
MERGED from [androidx.core:core:1.0.0] AndroidManifest.xml:17:1-24:12
MERGED from [androidx.versionedparcelable:versionedparcelable:1.0.0] AndroidManifest.xml:17:1-25:12
MERGED from [androidx.lifecycle:lifecycle-runtime:2.0.0] AndroidManifest.xml:17:1-22:12
INJECTED from src/main/AndroidManifest.xml:1:1-23:12
INJECTED from src/main/AndroidManifest.xml:1:1-23:12
INJECTED from src/main/AndroidManifest.xml:1:1-23:12
	package
		ADDED from src/main/AndroidManifest.xml:1:70-98
		INJECTED from src/main/AndroidManifest.xml
		INJECTED from src/main/AndroidManifest.xml
	android:versionName
		INJECTED from src/main/AndroidManifest.xml
		ADDED from src/main/AndroidManifest.xml:1:1-23:12
		INJECTED from src/main/AndroidManifest.xml
	android:versionCode
		INJECTED from src/main/AndroidManifest.xml
		ADDED from src/main/AndroidManifest.xml:1:1-23:12
		INJECTED from src/main/AndroidManifest.xml
	xmlns:android
		ADDED from src/main/AndroidManifest.xml:1:11-69
application
ADDED from src/main/AndroidManifest.xml:8:5-22:19
MERGED from [com.github.sarbagyastha:android-youtubeExtractor:v2.3.0] AndroidManifest.xml:13:5-14:19
MERGED from [com.github.sarbagyastha:android-youtubeExtractor:v2.3.0] AndroidManifest.xml:13:5-14:19
MERGED from [com.github.sarbagyastha:js-evaluator-for-android:v6.2.0] AndroidManifest.xml:11:5-12:19
MERGED from [com.github.sarbagyastha:js-evaluator-for-android:v6.2.0] AndroidManifest.xml:11:5-12:19
MERGED from [androidx.core:core:1.0.0] AndroidManifest.xml:22:5-89
MERGED from [androidx.core:core:1.0.0] AndroidManifest.xml:22:5-89
MERGED from [androidx.versionedparcelable:versionedparcelable:1.0.0] AndroidManifest.xml:22:5-23:19
MERGED from [androidx.versionedparcelable:versionedparcelable:1.0.0] AndroidManifest.xml:22:5-23:19
	android:appComponentFactory
		ADDED from [androidx.core:core:1.0.0] AndroidManifest.xml:22:18-86
	android:label
		ADDED from src/main/AndroidManifest.xml:8:67-85
	android:allowBackup
		ADDED from [com.github.sarbagyastha:android-youtubeExtractor:v2.3.0] AndroidManifest.xml:13:18-44
	android:icon
		ADDED from src/main/AndroidManifest.xml:8:86-122
	android:name
		ADDED from src/main/AndroidManifest.xml:8:18-66
activity#com.example.dw_app.MainActivity
ADDED from src/main/AndroidManifest.xml:11:9-21:20
	android:launchMode
		ADDED from src/main/AndroidManifest.xml:11:48-78
	android:hardwareAccelerated
		ADDED from src/main/AndroidManifest.xml:11:246-280
	android:windowSoftInputMode
		ADDED from src/main/AndroidManifest.xml:11:281-323
	android:configChanges
		ADDED from src/main/AndroidManifest.xml:11:114-245
	android:theme
		ADDED from src/main/AndroidManifest.xml:11:79-113
	android:name
		ADDED from src/main/AndroidManifest.xml:11:19-47
meta-data#io.flutter.app.android.SplashScreenUntilFirstFrame
ADDED from src/main/AndroidManifest.xml:16:13-113
	android:value
		ADDED from src/main/AndroidManifest.xml:16:90-110
	android:name
		ADDED from src/main/AndroidManifest.xml:16:24-89
intent-filter#action:name:android.intent.action.MAIN+category:name:android.intent.category.LAUNCHER
ADDED from src/main/AndroidManifest.xml:17:13-20:29
action#android.intent.action.MAIN
ADDED from src/main/AndroidManifest.xml:18:17-68
	android:name
		ADDED from src/main/AndroidManifest.xml:18:25-66
category#android.intent.category.LAUNCHER
ADDED from src/main/AndroidManifest.xml:19:17-76
	android:name
		ADDED from src/main/AndroidManifest.xml:19:27-74
uses-sdk
INJECTED from src/main/AndroidManifest.xml reason: use-sdk injection requested
INJECTED from src/main/AndroidManifest.xml
INJECTED from src/main/AndroidManifest.xml
MERGED from [:sqflite] AndroidManifest.xml:5:5-44
MERGED from [:sqflite] AndroidManifest.xml:5:5-44
MERGED from [:youtube_player] AndroidManifest.xml:5:5-44
MERGED from [:youtube_player] AndroidManifest.xml:5:5-44
MERGED from [:ytview] AndroidManifest.xml:5:5-44
MERGED from [:ytview] AndroidManifest.xml:5:5-44
MERGED from [:share] AndroidManifest.xml:5:5-44
MERGED from [:share] AndroidManifest.xml:5:5-44
MERGED from [:path_provider] AndroidManifest.xml:5:5-44
MERGED from [:path_provider] AndroidManifest.xml:5:5-44
MERGED from [com.google.android.exoplayer:exoplayer-hls:2.9.6] AndroidManifest.xml:20:5-22:41
MERGED from [com.google.android.exoplayer:exoplayer-hls:2.9.6] AndroidManifest.xml:20:5-22:41
MERGED from [com.google.android.exoplayer:exoplayer-core:2.9.6] AndroidManifest.xml:20:5-22:41
MERGED from [com.google.android.exoplayer:exoplayer-core:2.9.6] AndroidManifest.xml:20:5-22:41
MERGED from [com.github.sarbagyastha:android-youtubeExtractor:v2.3.0] AndroidManifest.xml:7:5-9:41
MERGED from [com.github.sarbagyastha:android-youtubeExtractor:v2.3.0] AndroidManifest.xml:7:5-9:41
MERGED from [androidx.webkit:webkit:1.0.0] AndroidManifest.xml:20:5-44
MERGED from [androidx.webkit:webkit:1.0.0] AndroidManifest.xml:20:5-44
MERGED from [com.github.sarbagyastha:js-evaluator-for-android:v6.2.0] AndroidManifest.xml:7:5-9:41
MERGED from [com.github.sarbagyastha:js-evaluator-for-android:v6.2.0] AndroidManifest.xml:7:5-9:41
MERGED from [androidx.core:core:1.0.0] AndroidManifest.xml:20:5-44
MERGED from [androidx.core:core:1.0.0] AndroidManifest.xml:20:5-44
MERGED from [androidx.versionedparcelable:versionedparcelable:1.0.0] AndroidManifest.xml:20:5-44
MERGED from [androidx.versionedparcelable:versionedparcelable:1.0.0] AndroidManifest.xml:20:5-44
MERGED from [androidx.lifecycle:lifecycle-runtime:2.0.0] AndroidManifest.xml:20:5-44
MERGED from [androidx.lifecycle:lifecycle-runtime:2.0.0] AndroidManifest.xml:20:5-44
INJECTED from src/main/AndroidManifest.xml
INJECTED from src/main/AndroidManifest.xml
	android:targetSdkVersion
		INJECTED from src/main/AndroidManifest.xml
		ADDED from src/main/AndroidManifest.xml
		INJECTED from src/main/AndroidManifest.xml
	android:minSdkVersion
		INJECTED from src/main/AndroidManifest.xml
		ADDED from src/main/AndroidManifest.xml
		INJECTED from src/main/AndroidManifest.xml
uses-permission#android.permission.ACCESS_NETWORK_STATE
ADDED from [com.google.android.exoplayer:exoplayer-core:2.9.6] AndroidManifest.xml:24:5-79
	android:name
		ADDED from [com.google.android.exoplayer:exoplayer-core:2.9.6] AndroidManifest.xml:24:22-76
uses-permission#android.permission.INTERNET
ADDED from [com.github.sarbagyastha:android-youtubeExtractor:v2.3.0] AndroidManifest.xml:11:5-67
	android:name
		ADDED from [com.github.sarbagyastha:android-youtubeExtractor:v2.3.0] AndroidManifest.xml:11:22-64